<?xml version="1.0" encoding="UTF-8"?>
<testng-results ignored="0" total="1" passed="1" failed="0" skipped="0">
  <reporter-output>
  </reporter-output>
  <suite started-at="2021-05-31T18:55:24 EDT" name="Default suite" finished-at="2021-05-31T18:55:26 EDT" duration-ms="2170">
    <groups>
    </groups>
    <test started-at="2021-05-31T18:55:24 EDT" name="Default test" finished-at="2021-05-31T18:55:26 EDT" duration-ms="2170">
      <class name="tests.ReadCSVFile">
        <test-method is-config="true" signature="beforeMethod()[pri:0, instance:tests.ReadCSVFile@dd0c991]" started-at="2021-05-31T18:55:24 EDT" name="beforeMethod" finished-at="2021-05-31T18:55:26 EDT" duration-ms="1527" status="PASS">
          <reporter-output>
          </reporter-output>
        </test-method> <!-- beforeMethod -->
        <test-method signature="ReadFile()[pri:0, instance:tests.ReadCSVFile@dd0c991]" started-at="2021-05-31T18:55:26 EDT" name="ReadFile" finished-at="2021-05-31T18:55:26 EDT" duration-ms="12" status="PASS">
          <reporter-output>
          </reporter-output>
        </test-method> <!-- ReadFile -->
        <test-method is-config="true" signature="afterMethod(org.testng.ITestResult)[pri:0, instance:tests.ReadCSVFile@dd0c991]" started-at="2021-05-31T18:55:26 EDT" name="afterMethod" finished-at="2021-05-31T18:55:26 EDT" duration-ms="609" status="PASS">
          <params>
            <param index="0">
              <value>
                <![CDATA[[TestResult name=ReadFile status=SUCCESS method=ReadCSVFile.ReadFile()[pri:0, instance:tests.ReadCSVFile@dd0c991] output={null}]]]>
              </value>
            </param>
          </params>
          <reporter-output>
          </reporter-output>
        </test-method> <!-- afterMethod -->
      </class> <!-- tests.ReadCSVFile -->
    </test> <!-- Default test -->
  </suite> <!-- Default suite -->
</testng-results>
